<?xml version="1.0" encoding="UTF-8"?>
<testsuite name="com.example.jvmshare.JvmshareApplicationTests" tests="1" skipped="0" failures="0" errors="0" timestamp="2019-08-29T02:04:20" hostname="pl1cnctu0111nb" time="0.234">
  <properties/>
  <testcase name="contextLoads" classname="com.example.jvmshare.JvmshareApplicationTests" time="0.234"/>
  <system-out><![CDATA[10:04:18.150 [Test worker] DEBUG org.springframework.test.context.junit4.SpringJUnit4ClassRunner - SpringJUnit4ClassRunner constructor called with [class com.example.jvmshare.JvmshareApplicationTests]
10:04:18.157 [Test worker] DEBUG org.springframework.test.context.BootstrapUtils - Instantiating CacheAwareContextLoaderDelegate from class [org.springframework.test.context.cache.DefaultCacheAwareContextLoaderDelegate]
10:04:18.166 [Test worker] DEBUG org.springframework.test.context.BootstrapUtils - Instantiating BootstrapContext using constructor [public org.springframework.test.context.support.DefaultBootstrapContext(java.lang.Class,org.springframework.test.context.CacheAwareContextLoaderDelegate)]
10:04:18.183 [Test worker] DEBUG org.springframework.test.context.BootstrapUtils - Instantiating TestContextBootstrapper for test class [com.example.jvmshare.JvmshareApplicationTests] from class [org.springframework.boot.test.context.SpringBootTestContextBootstrapper]
10:04:18.196 [Test worker] INFO org.springframework.boot.test.context.SpringBootTestContextBootstrapper - Neither @ContextConfiguration nor @ContextHierarchy found for test class [com.example.jvmshare.JvmshareApplicationTests], using SpringBootContextLoader
10:04:18.199 [Test worker] DEBUG org.springframework.test.context.support.AbstractContextLoader - Did not detect default resource location for test class [com.example.jvmshare.JvmshareApplicationTests]: class path resource [com/example/jvmshare/JvmshareApplicationTests-context.xml] does not exist
10:04:18.200 [Test worker] DEBUG org.springframework.test.context.support.AbstractContextLoader - Did not detect default resource location for test class [com.example.jvmshare.JvmshareApplicationTests]: class path resource [com/example/jvmshare/JvmshareApplicationTestsContext.groovy] does not exist
10:04:18.200 [Test worker] INFO org.springframework.test.context.support.AbstractContextLoader - Could not detect default resource locations for test class [com.example.jvmshare.JvmshareApplicationTests]: no resource found for suffixes {-context.xml, Context.groovy}.
10:04:18.201 [Test worker] INFO org.springframework.test.context.support.AnnotationConfigContextLoaderUtils - Could not detect default configuration classes for test class [com.example.jvmshare.JvmshareApplicationTests]: JvmshareApplicationTests does not declare any static, non-private, non-final, nested classes annotated with @Configuration.
10:04:18.243 [Test worker] DEBUG org.springframework.test.context.support.ActiveProfilesUtils - Could not find an 'annotation declaring class' for annotation type [org.springframework.test.context.ActiveProfiles] and class [com.example.jvmshare.JvmshareApplicationTests]
10:04:18.313 [Test worker] DEBUG org.springframework.context.annotation.ClassPathScanningCandidateComponentProvider - Identified candidate component class: file [D:\ZwwSpace\jvmdemo\build\classes\java\main\com\example\jvmshare\JvmshareApplication.class]
10:04:18.315 [Test worker] INFO org.springframework.boot.test.context.SpringBootTestContextBootstrapper - Found @SpringBootConfiguration com.example.jvmshare.JvmshareApplication for test class com.example.jvmshare.JvmshareApplicationTests
10:04:18.406 [Test worker] DEBUG org.springframework.boot.test.context.SpringBootTestContextBootstrapper - @TestExecutionListeners is not present for class [com.example.jvmshare.JvmshareApplicationTests]: using defaults.
10:04:18.407 [Test worker] INFO org.springframework.boot.test.context.SpringBootTestContextBootstrapper - Loaded default TestExecutionListener class names from location [META-INF/spring.factories]: [org.springframework.boot.test.autoconfigure.restdocs.RestDocsTestExecutionListener, org.springframework.boot.test.autoconfigure.web.client.MockRestServiceServerResetTestExecutionListener, org.springframework.boot.test.autoconfigure.web.servlet.MockMvcPrintOnlyOnFailureTestExecutionListener, org.springframework.boot.test.autoconfigure.web.servlet.WebDriverTestExecutionListener, org.springframework.boot.test.mock.mockito.MockitoTestExecutionListener, org.springframework.boot.test.mock.mockito.ResetMocksTestExecutionListener, org.springframework.test.context.web.ServletTestExecutionListener, org.springframework.test.context.support.DirtiesContextBeforeModesTestExecutionListener, org.springframework.test.context.support.DependencyInjectionTestExecutionListener, org.springframework.test.context.support.DirtiesContextTestExecutionListener, org.springframework.test.context.transaction.TransactionalTestExecutionListener, org.springframework.test.context.jdbc.SqlScriptsTestExecutionListener]
10:04:18.418 [Test worker] DEBUG org.springframework.boot.test.context.SpringBootTestContextBootstrapper - Skipping candidate TestExecutionListener [org.springframework.test.context.transaction.TransactionalTestExecutionListener] due to a missing dependency. Specify custom listener classes or make the default listener classes and their required dependencies available. Offending class: [org/springframework/transaction/interceptor/TransactionAttributeSource]
10:04:18.419 [Test worker] DEBUG org.springframework.boot.test.context.SpringBootTestContextBootstrapper - Skipping candidate TestExecutionListener [org.springframework.test.context.jdbc.SqlScriptsTestExecutionListener] due to a missing dependency. Specify custom listener classes or make the default listener classes and their required dependencies available. Offending class: [org/springframework/transaction/interceptor/TransactionAttribute]
10:04:18.419 [Test worker] INFO org.springframework.boot.test.context.SpringBootTestContextBootstrapper - Using TestExecutionListeners: [org.springframework.test.context.web.ServletTestExecutionListener@23e33dd0, org.springframework.test.context.support.DirtiesContextBeforeModesTestExecutionListener@715f6c42, org.springframework.boot.test.mock.mockito.MockitoTestExecutionListener@7b840a67, org.springframework.boot.test.autoconfigure.SpringBootDependencyInjectionTestExecutionListener@e14f715, org.springframework.test.context.support.DirtiesContextTestExecutionListener@34a356ba, org.springframework.boot.test.autoconfigure.restdocs.RestDocsTestExecutionListener@3e941110, org.springframework.boot.test.autoconfigure.web.client.MockRestServiceServerResetTestExecutionListener@6518f397, org.springframework.boot.test.autoconfigure.web.servlet.MockMvcPrintOnlyOnFailureTestExecutionListener@4c9d0c7e, org.springframework.boot.test.autoconfigure.web.servlet.WebDriverTestExecutionListener@62a595d1, org.springframework.boot.test.mock.mockito.ResetMocksTestExecutionListener@7c271404]
10:04:18.422 [Test worker] DEBUG org.springframework.test.annotation.ProfileValueUtils - Retrieved @ProfileValueSourceConfiguration [null] for test class [com.example.jvmshare.JvmshareApplicationTests]
10:04:18.423 [Test worker] DEBUG org.springframework.test.annotation.ProfileValueUtils - Retrieved ProfileValueSource type [class org.springframework.test.annotation.SystemProfileValueSource] for class [com.example.jvmshare.JvmshareApplicationTests]
10:04:18.423 [Test worker] DEBUG org.springframework.test.annotation.ProfileValueUtils - Retrieved @ProfileValueSourceConfiguration [null] for test class [com.example.jvmshare.JvmshareApplicationTests]
10:04:18.424 [Test worker] DEBUG org.springframework.test.annotation.ProfileValueUtils - Retrieved ProfileValueSource type [class org.springframework.test.annotation.SystemProfileValueSource] for class [com.example.jvmshare.JvmshareApplicationTests]
10:04:18.428 [Test worker] DEBUG org.springframework.test.context.support.AbstractDirtiesContextTestExecutionListener - Before test class: context [DefaultTestContext@6d93e5ae testClass = JvmshareApplicationTests, testInstance = [null], testMethod = [null], testException = [null], mergedContextConfiguration = [WebMergedContextConfiguration@69e2c848 testClass = JvmshareApplicationTests, locations = '{}', classes = '{class com.example.jvmshare.JvmshareApplication}', contextInitializerClasses = '[]', activeProfiles = '{}', propertySourceLocations = '{}', propertySourceProperties = '{org.springframework.boot.test.context.SpringBootTestContextBootstrapper=true}', contextCustomizers = set[org.springframework.boot.test.autoconfigure.properties.PropertyMappingContextCustomizer@0, org.springframework.boot.test.autoconfigure.web.servlet.WebDriverContextCustomizerFactory$Customizer@3ecb5bc4, org.springframework.boot.test.context.filter.ExcludeFilterContextCustomizer@62b2fcd3, org.springframework.boot.test.json.DuplicateJsonObjectContextCustomizerFactory$DuplicateJsonObjectContextCustomizer@f012709, org.springframework.boot.test.mock.mockito.MockitoContextCustomizer@0, org.springframework.boot.test.web.client.TestRestTemplateContextCustomizer@1f985256], resourceBasePath = 'src/main/webapp', contextLoader = 'org.springframework.boot.test.context.SpringBootContextLoader', parent = [null]], attributes = map['org.springframework.test.context.web.ServletTestExecutionListener.activateListener' -> true]], class annotated with @DirtiesContext [false] with mode [null].
10:04:18.428 [Test worker] DEBUG org.springframework.test.annotation.ProfileValueUtils - Retrieved @ProfileValueSourceConfiguration [null] for test class [com.example.jvmshare.JvmshareApplicationTests]
10:04:18.429 [Test worker] DEBUG org.springframework.test.annotation.ProfileValueUtils - Retrieved ProfileValueSource type [class org.springframework.test.annotation.SystemProfileValueSource] for class [com.example.jvmshare.JvmshareApplicationTests]
10:04:18.447 [Test worker] DEBUG org.springframework.test.context.support.TestPropertySourceUtils - Adding inlined properties to environment: {spring.jmx.enabled=false, org.springframework.boot.test.context.SpringBootTestContextBootstrapper=true, server.port=-1}

  .   ____          _            __ _ _
 /\\ / ___'_ __ _ _(_)_ __  __ _ \ \ \ \
( ( )\___ | '_ | '_| | '_ \/ _` | \ \ \ \
 \\/  ___)| |_)| | | | | || (_| |  ) ) ) )
  '  |____| .__|_| |_|_| |_\__, | / / / /
 =========|_|==============|___/=/_/_/_/
 :: Spring Boot ::        (v2.1.6.RELEASE)

2019-08-29 10:04:18.689  INFO 13828 --- [    Test worker] c.e.jvmshare.JvmshareApplicationTests    : Starting JvmshareApplicationTests on pl1cnctu0111nb with PID 13828 (started by r2dxxc in D:\ZwwSpace\jvmdemo)
2019-08-29 10:04:18.691  INFO 13828 --- [    Test worker] c.e.jvmshare.JvmshareApplicationTests    : No active profile set, falling back to default profiles: default
2019-08-29 10:04:20.083  INFO 13828 --- [    Test worker] o.s.s.concurrent.ThreadPoolTaskExecutor  : Initializing ExecutorService 'applicationTaskExecutor'
2019-08-29 10:04:20.352  INFO 13828 --- [    Test worker] c.e.jvmshare.JvmshareApplicationTests    : Started JvmshareApplicationTests in 1.896 seconds (JVM running for 3.084)
]]></system-out>
  <system-err><![CDATA[]]></system-err>
</testsuite>
