<?xml version="1.0" encoding="UTF-8"?>
<testsuite name="com.example.jvmshare.JvmshareApplicationTests" tests="1" skipped="0" failures="0" errors="0" timestamp="2019-08-28T09:20:57" hostname="pl1cnctu0111nb" time="0.213">
  <properties/>
  <testcase name="contextLoads" classname="com.example.jvmshare.JvmshareApplicationTests" time="0.213"/>
  <system-out><![CDATA[17:20:55.096 [Test worker] DEBUG org.springframework.test.context.junit4.SpringJUnit4ClassRunner - SpringJUnit4ClassRunner constructor called with [class com.example.jvmshare.JvmshareApplicationTests]
17:20:55.103 [Test worker] DEBUG org.springframework.test.context.BootstrapUtils - Instantiating CacheAwareContextLoaderDelegate from class [org.springframework.test.context.cache.DefaultCacheAwareContextLoaderDelegate]
17:20:55.111 [Test worker] DEBUG org.springframework.test.context.BootstrapUtils - Instantiating BootstrapContext using constructor [public org.springframework.test.context.support.DefaultBootstrapContext(java.lang.Class,org.springframework.test.context.CacheAwareContextLoaderDelegate)]
17:20:55.127 [Test worker] DEBUG org.springframework.test.context.BootstrapUtils - Instantiating TestContextBootstrapper for test class [com.example.jvmshare.JvmshareApplicationTests] from class [org.springframework.boot.test.context.SpringBootTestContextBootstrapper]
17:20:55.140 [Test worker] INFO org.springframework.boot.test.context.SpringBootTestContextBootstrapper - Neither @ContextConfiguration nor @ContextHierarchy found for test class [com.example.jvmshare.JvmshareApplicationTests], using SpringBootContextLoader
17:20:55.143 [Test worker] DEBUG org.springframework.test.context.support.AbstractContextLoader - Did not detect default resource location for test class [com.example.jvmshare.JvmshareApplicationTests]: class path resource [com/example/jvmshare/JvmshareApplicationTests-context.xml] does not exist
17:20:55.143 [Test worker] DEBUG org.springframework.test.context.support.AbstractContextLoader - Did not detect default resource location for test class [com.example.jvmshare.JvmshareApplicationTests]: class path resource [com/example/jvmshare/JvmshareApplicationTestsContext.groovy] does not exist
17:20:55.144 [Test worker] INFO org.springframework.test.context.support.AbstractContextLoader - Could not detect default resource locations for test class [com.example.jvmshare.JvmshareApplicationTests]: no resource found for suffixes {-context.xml, Context.groovy}.
17:20:55.144 [Test worker] INFO org.springframework.test.context.support.AnnotationConfigContextLoaderUtils - Could not detect default configuration classes for test class [com.example.jvmshare.JvmshareApplicationTests]: JvmshareApplicationTests does not declare any static, non-private, non-final, nested classes annotated with @Configuration.
17:20:55.180 [Test worker] DEBUG org.springframework.test.context.support.ActiveProfilesUtils - Could not find an 'annotation declaring class' for annotation type [org.springframework.test.context.ActiveProfiles] and class [com.example.jvmshare.JvmshareApplicationTests]
17:20:55.243 [Test worker] DEBUG org.springframework.context.annotation.ClassPathScanningCandidateComponentProvider - Identified candidate component class: file [D:\ZwwSpace\jvmdemo\build\classes\java\main\com\example\jvmshare\JvmshareApplication.class]
17:20:55.245 [Test worker] INFO org.springframework.boot.test.context.SpringBootTestContextBootstrapper - Found @SpringBootConfiguration com.example.jvmshare.JvmshareApplication for test class com.example.jvmshare.JvmshareApplicationTests
17:20:55.331 [Test worker] DEBUG org.springframework.boot.test.context.SpringBootTestContextBootstrapper - @TestExecutionListeners is not present for class [com.example.jvmshare.JvmshareApplicationTests]: using defaults.
17:20:55.331 [Test worker] INFO org.springframework.boot.test.context.SpringBootTestContextBootstrapper - Loaded default TestExecutionListener class names from location [META-INF/spring.factories]: [org.springframework.boot.test.autoconfigure.restdocs.RestDocsTestExecutionListener, org.springframework.boot.test.autoconfigure.web.client.MockRestServiceServerResetTestExecutionListener, org.springframework.boot.test.autoconfigure.web.servlet.MockMvcPrintOnlyOnFailureTestExecutionListener, org.springframework.boot.test.autoconfigure.web.servlet.WebDriverTestExecutionListener, org.springframework.boot.test.mock.mockito.MockitoTestExecutionListener, org.springframework.boot.test.mock.mockito.ResetMocksTestExecutionListener, org.springframework.test.context.web.ServletTestExecutionListener, org.springframework.test.context.support.DirtiesContextBeforeModesTestExecutionListener, org.springframework.test.context.support.DependencyInjectionTestExecutionListener, org.springframework.test.context.support.DirtiesContextTestExecutionListener, org.springframework.test.context.transaction.TransactionalTestExecutionListener, org.springframework.test.context.jdbc.SqlScriptsTestExecutionListener]
17:20:55.341 [Test worker] DEBUG org.springframework.boot.test.context.SpringBootTestContextBootstrapper - Skipping candidate TestExecutionListener [org.springframework.test.context.transaction.TransactionalTestExecutionListener] due to a missing dependency. Specify custom listener classes or make the default listener classes and their required dependencies available. Offending class: [org/springframework/transaction/interceptor/TransactionAttributeSource]
17:20:55.342 [Test worker] DEBUG org.springframework.boot.test.context.SpringBootTestContextBootstrapper - Skipping candidate TestExecutionListener [org.springframework.test.context.jdbc.SqlScriptsTestExecutionListener] due to a missing dependency. Specify custom listener classes or make the default listener classes and their required dependencies available. Offending class: [org/springframework/transaction/interceptor/TransactionAttribute]
17:20:55.342 [Test worker] INFO org.springframework.boot.test.context.SpringBootTestContextBootstrapper - Using TestExecutionListeners: [org.springframework.test.context.web.ServletTestExecutionListener@1476841c, org.springframework.test.context.support.DirtiesContextBeforeModesTestExecutionListener@75f69c05, org.springframework.boot.test.mock.mockito.MockitoTestExecutionListener@747b3646, org.springframework.boot.test.autoconfigure.SpringBootDependencyInjectionTestExecutionListener@68830f76, org.springframework.test.context.support.DirtiesContextTestExecutionListener@4875201e, org.springframework.boot.test.autoconfigure.restdocs.RestDocsTestExecutionListener@9a28ba1, org.springframework.boot.test.autoconfigure.web.client.MockRestServiceServerResetTestExecutionListener@24c655d5, org.springframework.boot.test.autoconfigure.web.servlet.MockMvcPrintOnlyOnFailureTestExecutionListener@54ce1684, org.springframework.boot.test.autoconfigure.web.servlet.WebDriverTestExecutionListener@355aa9d3, org.springframework.boot.test.mock.mockito.ResetMocksTestExecutionListener@2838d35a]
17:20:55.345 [Test worker] DEBUG org.springframework.test.annotation.ProfileValueUtils - Retrieved @ProfileValueSourceConfiguration [null] for test class [com.example.jvmshare.JvmshareApplicationTests]
17:20:55.346 [Test worker] DEBUG org.springframework.test.annotation.ProfileValueUtils - Retrieved ProfileValueSource type [class org.springframework.test.annotation.SystemProfileValueSource] for class [com.example.jvmshare.JvmshareApplicationTests]
17:20:55.346 [Test worker] DEBUG org.springframework.test.annotation.ProfileValueUtils - Retrieved @ProfileValueSourceConfiguration [null] for test class [com.example.jvmshare.JvmshareApplicationTests]
17:20:55.346 [Test worker] DEBUG org.springframework.test.annotation.ProfileValueUtils - Retrieved ProfileValueSource type [class org.springframework.test.annotation.SystemProfileValueSource] for class [com.example.jvmshare.JvmshareApplicationTests]
17:20:55.350 [Test worker] DEBUG org.springframework.test.context.support.AbstractDirtiesContextTestExecutionListener - Before test class: context [DefaultTestContext@695da6e6 testClass = JvmshareApplicationTests, testInstance = [null], testMethod = [null], testException = [null], mergedContextConfiguration = [WebMergedContextConfiguration@739d95c8 testClass = JvmshareApplicationTests, locations = '{}', classes = '{class com.example.jvmshare.JvmshareApplication}', contextInitializerClasses = '[]', activeProfiles = '{}', propertySourceLocations = '{}', propertySourceProperties = '{org.springframework.boot.test.context.SpringBootTestContextBootstrapper=true}', contextCustomizers = set[org.springframework.boot.test.autoconfigure.properties.PropertyMappingContextCustomizer@0, org.springframework.boot.test.autoconfigure.web.servlet.WebDriverContextCustomizerFactory$Customizer@24caa767, org.springframework.boot.test.context.filter.ExcludeFilterContextCustomizer@624b64ad, org.springframework.boot.test.json.DuplicateJsonObjectContextCustomizerFactory$DuplicateJsonObjectContextCustomizer@5f93f25b, org.springframework.boot.test.mock.mockito.MockitoContextCustomizer@0, org.springframework.boot.test.web.client.TestRestTemplateContextCustomizer@1a5c4687], resourceBasePath = 'src/main/webapp', contextLoader = 'org.springframework.boot.test.context.SpringBootContextLoader', parent = [null]], attributes = map['org.springframework.test.context.web.ServletTestExecutionListener.activateListener' -> true]], class annotated with @DirtiesContext [false] with mode [null].
17:20:55.351 [Test worker] DEBUG org.springframework.test.annotation.ProfileValueUtils - Retrieved @ProfileValueSourceConfiguration [null] for test class [com.example.jvmshare.JvmshareApplicationTests]
17:20:55.351 [Test worker] DEBUG org.springframework.test.annotation.ProfileValueUtils - Retrieved ProfileValueSource type [class org.springframework.test.annotation.SystemProfileValueSource] for class [com.example.jvmshare.JvmshareApplicationTests]
17:20:55.368 [Test worker] DEBUG org.springframework.test.context.support.TestPropertySourceUtils - Adding inlined properties to environment: {spring.jmx.enabled=false, org.springframework.boot.test.context.SpringBootTestContextBootstrapper=true, server.port=-1}

  .   ____          _            __ _ _
 /\\ / ___'_ __ _ _(_)_ __  __ _ \ \ \ \
( ( )\___ | '_ | '_| | '_ \/ _` | \ \ \ \
 \\/  ___)| |_)| | | | | || (_| |  ) ) ) )
  '  |____| .__|_| |_|_| |_\__, | / / / /
 =========|_|==============|___/=/_/_/_/
 :: Spring Boot ::        (v2.1.6.RELEASE)

2019-08-28 17:20:55.623  INFO 24352 --- [    Test worker] c.e.jvmshare.JvmshareApplicationTests    : Starting JvmshareApplicationTests on pl1cnctu0111nb with PID 24352 (started by r2dxxc in D:\ZwwSpace\jvmdemo)
2019-08-28 17:20:55.624  INFO 24352 --- [    Test worker] c.e.jvmshare.JvmshareApplicationTests    : No active profile set, falling back to default profiles: default
2019-08-28 17:20:57.003  INFO 24352 --- [    Test worker] o.s.s.concurrent.ThreadPoolTaskExecutor  : Initializing ExecutorService 'applicationTaskExecutor'
2019-08-28 17:20:57.256  INFO 24352 --- [    Test worker] c.e.jvmshare.JvmshareApplicationTests    : Started JvmshareApplicationTests in 1.881 seconds (JVM running for 2.987)
]]></system-out>
  <system-err><![CDATA[]]></system-err>
</testsuite>
